{"message":{"date":"2019-02-17T18:59:55.740Z","url":"localhost:3000/news"},"level":"info"}
{"message":{"date":"2019-02-17T18:59:55.971Z","url":"localhost:3000/favicon.ico"},"level":"info"}
{"message":{"date":"2019-02-17T19:00:01.574Z","url":"localhost:3000/"},"level":"info"}
{"message":{"date":"2019-02-17T19:00:01.610Z","url":"localhost:3000/stylesheets/style.css"},"level":"info"}
{"message":{"date":"2019-02-17T19:00:04.841Z","url":"localhost:3000/news"},"level":"info"}
{"message":{"date":"2019-02-17T19:07:09.997Z","url":"localhost:3000/news"},"level":"info"}
{"message":{"date":"2019-02-17T19:26:51.199Z","url":"localhost:3000/news/"},"level":"info"}
{"message":{"date":"2019-02-17T19:32:14.940Z","url":"localhost:3000/news"},"level":"info"}
{"message":{"date":"2019-02-17T19:32:41.751Z","url":"localhost:3000/news"},"level":"info"}
{"message":{"date":"2019-02-17T19:33:32.176Z","url":"localhost:3000/news"},"level":"info"}
{"message":{"date":"2019-02-17T19:44:42.786Z","url":"localhost:3000/news"},"level":"info"}
{"message":{"date":"2019-02-17T19:45:59.292Z","url":"localhost:3000/news"},"level":"info"}
{"message":{"date":"2019-02-17T19:46:32.792Z","url":"localhost:3000/news"},"level":"info"}
{"message":{"date":"2019-02-17T19:46:39.273Z","url":"localhost:3000/news"},"level":"info"}
{"message":{"date":"2019-02-17T19:46:43.871Z","url":"localhost:3000/news"},"level":"info"}
{"message":{"date":"2019-02-17T19:47:00.060Z","url":"localhost:3000/news"},"level":"info"}
{"message":{"date":"2019-02-17T19:47:00.584Z","url":"localhost:3000/news"},"level":"info"}
{"message":{"date":"2019-02-17T19:47:05.328Z","url":"localhost:3000/news"},"level":"info"}
{"message":{"date":"2019-02-17T19:47:08.675Z","url":"localhost:3000/news"},"level":"info"}
{"message":{"date":"2019-02-17T19:47:15.897Z","url":"localhost:3000/news"},"level":"info"}
{"message":{"date":"2019-02-17T19:47:20.361Z","url":"localhost:3000/news"},"level":"info"}
{"message":{"date":"2019-02-17T19:49:54.266Z","url":"localhost:3000/news"},"level":"info"}
{"message":{"date":"2019-02-17T19:49:59.568Z","url":"localhost:3000/news"},"level":"info"}
{"message":{"date":"2019-02-17T19:50:16.477Z","url":"localhost:3000/news"},"level":"info"}
{"message":{"date":"2019-02-17T19:52:49.753Z","url":"localhost:3000/news"},"level":"info"}
{"message":{"date":"2019-02-17T19:52:56.490Z","url":"localhost:3000/news"},"level":"info"}
{"message":{"date":"2019-02-17T19:53:02.709Z","url":"localhost:3000/news"},"level":"info"}
{"message":{"date":"2019-02-17T19:53:08.045Z","url":"localhost:3000/news"},"level":"info"}
{"message":{"date":"2019-02-17T19:53:14.862Z","url":"localhost:3000/news"},"level":"info"}
{"message":{"date":"2019-02-17T19:53:24.953Z","url":"localhost:3000/news"},"level":"info"}
{"message":{"date":"2019-02-17T19:53:32.580Z","url":"localhost:3000/news"},"level":"info"}
{"message":{"date":"2019-02-17T19:53:37.039Z","url":"localhost:3000/news"},"level":"info"}
{"message":{"date":"2019-02-17T19:53:38.925Z","url":"localhost:3000/news"},"level":"info"}
{"message":{"date":"2019-02-17T19:53:43.472Z","url":"localhost:3000/news"},"level":"info"}
{"message":{"date":"2019-02-17T19:53:46.634Z","url":"localhost:3000/news"},"level":"info"}
{"message":{"date":"2019-02-17T19:53:48.233Z","url":"localhost:3000/news"},"level":"info"}
{"message":{"date":"2019-02-17T19:53:49.912Z","url":"localhost:3000/news"},"level":"info"}
{"message":{"date":"2019-02-17T19:53:52.625Z","url":"localhost:3000/news"},"level":"info"}
{"message":{"date":"2019-02-17T19:54:14.958Z","url":"localhost:3000/news"},"level":"info"}
{"message":{"date":"2019-02-17T19:54:15.357Z","url":"localhost:3000/news"},"level":"info"}
{"message":{"date":"2019-02-17T19:54:15.977Z","url":"localhost:3000/news"},"level":"info"}
{"message":{"date":"2019-02-17T19:54:16.265Z","url":"localhost:3000/news"},"level":"info"}
{"message":{"date":"2019-02-17T19:54:16.462Z","url":"localhost:3000/news"},"level":"info"}
{"message":{"date":"2019-02-17T19:54:16.680Z","url":"localhost:3000/news"},"level":"info"}
{"message":{"date":"2019-02-18T18:24:03.224Z","url":"localhost:3000/news"},"level":"info"}
{"message":{"date":"2019-02-18T18:24:05.801Z","url":"localhost:3000/news"},"level":"info"}
{"message":{"date":"2019-02-18T18:24:07.935Z","url":"localhost:3000/news"},"level":"info"}
{"message":{"date":"2019-02-18T18:24:10.728Z","url":"localhost:3000/news"},"level":"info"}
{"message":{"date":"2019-02-18T18:24:12.437Z","url":"localhost:3000/news"},"level":"info"}
{"message":{"date":"2019-02-18T18:50:53.688Z","url":"localhost:3000/news"},"level":"info"}
{"message":{"date":"2019-02-18T18:50:56.838Z","url":"localhost:3000/news"},"level":"info"}
{"message":{"date":"2019-02-18T18:50:58.375Z","url":"localhost:3000/news"},"level":"info"}
{"message":{"date":"2019-02-18T18:50:58.794Z","url":"localhost:3000/news"},"level":"info"}
{"message":{"date":"2019-02-18T18:50:59.328Z","url":"localhost:3000/news"},"level":"info"}
{"message":{"date":"2019-02-18T18:50:59.854Z","url":"localhost:3000/news"},"level":"info"}
{"message":{"date":"2019-02-18T18:51:00.532Z","url":"localhost:3000/news"},"level":"info"}
{"message":{"date":"2019-02-18T18:51:01.267Z","url":"localhost:3000/news"},"level":"info"}
{"message":{"date":"2019-02-18T18:51:01.909Z","url":"localhost:3000/news"},"level":"info"}
{"message":{"date":"2019-02-18T18:57:06.722Z","url":"localhost:3000/news"},"level":"info"}
{"message":{"date":"2019-02-18T18:57:08.517Z","url":"localhost:3000/news"},"level":"info"}
{"message":{"date":"2019-02-18T18:57:10.545Z","url":"localhost:3000/news"},"level":"info"}
{"message":{"date":"2019-02-18T18:57:12.856Z","url":"localhost:3000/news"},"level":"info"}
{"message":{"date":"2019-02-18T18:57:17.720Z","url":"localhost:3000/news"},"level":"info"}
{"message":{"date":"2019-02-18T18:57:20.046Z","url":"localhost:3000/news"},"level":"info"}
{"message":{"date":"2019-02-18T18:57:24.614Z","url":"localhost:3000/news"},"level":"info"}
{"message":{"date":"2019-02-18T19:03:59.484Z","url":"localhost:3000/news"},"level":"info"}
{"message":{"date":"2019-02-18T19:05:39.915Z","url":"localhost:3000/news"},"level":"info"}
{"message":{"date":"2019-02-18T19:05:57.455Z","url":"localhost:3000/news"},"level":"info"}
{"message":{"date":"2019-02-18T19:06:14.494Z","url":"localhost:3000/news"},"level":"info"}
{"message":{"date":"2019-02-18T19:06:17.094Z","url":"localhost:3000/news"},"level":"info"}
{"message":{"date":"2019-02-18T19:06:18.708Z","url":"localhost:3000/news"},"level":"info"}
{"message":{"date":"2019-02-18T19:06:58.128Z","url":"localhost:3000/news"},"level":"info"}
{"message":{"date":"2019-02-18T19:07:08.653Z","url":"localhost:3000/news"},"level":"info"}
{"message":{"date":"2019-02-18T19:07:34.467Z","url":"localhost:3000/news"},"level":"info"}
{"message":{"date":"2019-02-18T19:07:34.486Z","url":"localhost:3000/news"},"level":"info"}
{"message":{"date":"2019-02-18T19:10:02.387Z","url":"localhost:3000/news"},"level":"info"}
{"message":{"date":"2019-02-18T19:10:04.972Z","url":"localhost:3000/news"},"level":"info"}
{"message":{"date":"2019-02-18T19:11:26.348Z","url":"localhost:3000/news"},"level":"info"}
{"message":{"date":"2019-02-18T19:11:28.917Z","url":"localhost:3000/news"},"level":"info"}
{"message":{"date":"2019-02-18T19:12:10.331Z","url":"localhost:3000/news"},"level":"info"}
{"message":{"date":"2019-02-18T19:12:14.607Z","url":"localhost:3000/news"},"level":"info"}
{"message":{"date":"2019-02-18T19:12:38.517Z","url":"localhost:3000/news"},"level":"info"}
{"message":{"date":"2019-02-18T19:12:48.685Z","url":"localhost:3000/news"},"level":"info"}
{"message":{"date":"2019-02-18T19:12:56.045Z","url":"localhost:3000/news"},"level":"info"}
{"message":{"date":"2019-02-18T19:12:57.802Z","url":"localhost:3000/news"},"level":"info"}
{"message":{"date":"2019-02-18T19:12:59.543Z","url":"localhost:3000/news"},"level":"info"}
{"message":{"date":"2019-02-18T19:28:02.477Z","url":"localhost:3000/news"},"level":"info"}
{"message":{"date":"2019-02-18T19:28:05.436Z","url":"localhost:3000/news"},"level":"info"}
{"message":{"date":"2019-02-18T19:28:07.113Z","url":"localhost:3000/news"},"level":"info"}
{"message":{"date":"2019-02-18T19:30:23.314Z","url":"localhost:3000/news"},"level":"info"}
{"message":{"date":"2019-02-18T19:30:44.936Z","url":"localhost:3000/news"},"level":"info"}
{"message":{"date":"2019-02-18T19:34:41.163Z","url":"localhost:3000/news"},"level":"info"}
{"message":{"date":"2019-02-18T19:38:05.523Z","url":"localhost:3000/news"},"level":"info"}
{"message":{"date":"2019-02-18T19:39:08.176Z","url":"localhost:3000/news"},"level":"info"}
{"message":{"date":"2019-02-18T19:40:47.836Z","url":"localhost:3000/news"},"level":"info"}
{"message":{"date":"2019-02-18T19:42:16.889Z","url":"localhost:3000/news"},"level":"info"}
{"message":{"date":"2019-02-18T19:44:43.039Z","url":"localhost:3000/news"},"level":"info"}
{"message":{"date":"2019-02-18T19:57:10.327Z","url":"localhost:3000/news"},"level":"info"}
{"message":{"date":"2019-02-18T19:57:10.355Z","url":"localhost:3000/news"},"level":"info"}
{"message":{"date":"2019-02-18T19:57:29.630Z","url":"localhost:3000/8"},"level":"info"}
{"message":{"date":"2019-02-18T19:58:07.226Z","url":"localhost:3000/8"},"level":"info"}
{"message":{"date":"2019-02-18T19:58:07.302Z","url":"localhost:3000/stylesheets/style.css"},"level":"info"}
{"message":{"date":"2019-02-18T19:58:07.517Z","url":"localhost:3000/favicon.ico"},"level":"info"}
{"message":{"date":"2019-02-18T19:58:15.468Z","url":"localhost:3000/news/8"},"level":"info"}
{"message":{"date":"2019-02-18T19:58:36.176Z","url":"localhost:3000/news"},"level":"info"}
{"message":{"date":"2019-02-18T19:58:39.389Z","url":"localhost:3000/news/8"},"level":"info"}
{"message":{"date":"2019-02-18T19:58:39.407Z","url":"localhost:3000/news/8"},"level":"info"}
{"message":{"date":"2019-02-18T20:00:17.459Z","url":"localhost:3000/news/8"},"level":"info"}
{"message":{"date":"2019-02-18T20:00:18.467Z","url":"localhost:3000/news/8"},"level":"info"}
{"message":{"date":"2019-02-18T20:00:25.269Z","url":"localhost:3000/news"},"level":"info"}
{"message":{"date":"2019-02-18T20:00:29.127Z","url":"localhost:3000/news/8"},"level":"info"}
{"message":{"date":"2019-02-18T20:00:29.145Z","url":"localhost:3000/news/8"},"level":"info"}
{"message":{"date":"2019-02-18T20:01:20.711Z","url":"localhost:3000/news/8"},"level":"info"}
{"message":{"date":"2019-02-18T20:01:27.598Z","url":"localhost:3000/news/8"},"level":"info"}
{"message":{"date":"2019-02-18T20:01:30.465Z","url":"localhost:3000/news/8"},"level":"info"}
{"message":{"date":"2019-02-18T20:01:31.662Z","url":"localhost:3000/news/8"},"level":"info"}
{"message":{"date":"2019-02-18T20:01:36.589Z","url":"localhost:3000/news/9"},"level":"info"}
{"message":{"date":"2019-02-18T20:01:38.309Z","url":"localhost:3000/news/9"},"level":"info"}
{"message":{"date":"2019-02-18T20:01:39.853Z","url":"localhost:3000/news/9"},"level":"info"}
{"message":{"date":"2019-02-18T20:01:40.454Z","url":"localhost:3000/news/9"},"level":"info"}
{"message":{"date":"2019-02-18T20:01:41.521Z","url":"localhost:3000/news/9"},"level":"info"}
{"message":{"date":"2019-02-18T20:01:42.181Z","url":"localhost:3000/news/9"},"level":"info"}
{"message":{"date":"2019-02-18T20:01:52.581Z","url":"localhost:3000/news/8"},"level":"info"}
{"message":{"date":"2019-02-18T20:01:52.787Z","url":"localhost:3000/favicon.ico"},"level":"info"}
{"message":{"date":"2019-02-18T20:01:53.881Z","url":"localhost:3000/news/8"},"level":"info"}
{"message":{"date":"2019-02-18T20:01:59.155Z","url":"localhost:3000/news/7"},"level":"info"}
{"message":{"date":"2019-02-18T20:02:03.792Z","url":"localhost:3000/news/7/8"},"level":"info"}
{"message":{"date":"2019-02-18T20:02:03.834Z","url":"localhost:3000/stylesheets/style.css"},"level":"info"}
{"message":{"date":"2019-02-18T20:02:09.055Z","url":"localhost:3000/news/7"},"level":"info"}
{"message":{"date":"2019-02-18T20:02:23.795Z","url":"localhost:3000/news"},"level":"info"}
{"message":{"date":"2019-02-18T20:02:28.549Z","url":"localhost:3000/news/7"},"level":"info"}
{"message":{"date":"2019-02-18T20:02:28.573Z","url":"localhost:3000/news/7"},"level":"info"}
{"message":{"date":"2019-02-18T20:02:34.862Z","url":"localhost:3000/news/7"},"level":"info"}
{"message":{"date":"2019-02-18T20:02:35.022Z","url":"localhost:3000/favicon.ico"},"level":"info"}
{"message":{"date":"2019-02-18T20:02:50.712Z","url":"localhost:3000/news"},"level":"info"}
{"message":{"date":"2019-02-18T20:08:04.246Z","url":"localhost:3000/news"},"level":"info"}
{"message":{"date":"2019-02-18T20:12:09.567Z","url":"localhost:3000/news"},"level":"info"}
{"message":{"date":"2019-02-18T20:12:13.169Z","url":"localhost:3000/news/10"},"level":"info"}
{"message":{"date":"2019-02-18T20:12:13.184Z","url":"localhost:3000/news/10"},"level":"info"}
{"message":{"date":"2019-02-18T20:23:22.910Z","url":"localhost:3000/news"},"level":"info"}
{"message":{"date":"2019-02-18T20:23:25.624Z","url":"localhost:3000/news/9"},"level":"info"}
{"message":{"date":"2019-02-18T20:23:25.633Z","url":"localhost:3000/news/9"},"level":"info"}
{"message":{"date":"2019-02-18T20:26:05.523Z","url":"localhost:3000/news/9"},"level":"info"}
{"message":{"date":"2019-02-18T20:26:10.504Z","url":"localhost:3000/news/7"},"level":"info"}
{"message":{"date":"2019-02-18T20:34:20.211Z","url":"localhost:3000/news"},"level":"info"}
{"message":{"date":"2019-02-18T20:34:23.904Z","url":"localhost:3000/news/8"},"level":"info"}
{"message":{"date":"2019-02-18T20:34:23.918Z","url":"localhost:3000/news/8"},"level":"info"}
{"message":{"date":"2019-02-18T20:34:39.794Z","url":"localhost:3000/news/5"},"level":"info"}
{"message":{"date":"2019-02-18T20:34:39.809Z","url":"localhost:3000/news/5"},"level":"info"}
{"message":{"date":"2019-02-18T20:34:48.266Z","url":"localhost:3000/news"},"level":"info"}
{"message":{"date":"2019-02-18T20:37:18.629Z","url":"localhost:3000/news"},"level":"info"}
{"message":{"date":"2019-02-18T20:37:26.212Z","url":"localhost:3000/news/22"},"level":"info"}
{"message":{"date":"2019-02-18T20:37:26.236Z","url":"localhost:3000/news/22"},"level":"info"}
{"message":{"date":"2019-02-18T20:38:26.205Z","url":"localhost:3000/news"},"level":"info"}
{"message":{"date":"2019-02-18T20:38:30.838Z","url":"localhost:3000/news/10"},"level":"info"}
{"message":{"date":"2019-02-18T20:38:30.859Z","url":"localhost:3000/news/10"},"level":"info"}
{"message":{"date":"2019-02-18T20:40:45.208Z","url":"localhost:3000/news/7"},"level":"info"}
{"message":{"date":"2019-02-18T20:42:26.981Z","url":"localhost:3000/news"},"level":"info"}
{"message":{"date":"2019-02-18T20:42:29.939Z","url":"localhost:3000/news/9"},"level":"info"}
{"message":{"date":"2019-02-18T20:42:29.987Z","url":"localhost:3000/news/9"},"level":"info"}
{"message":{"date":"2019-02-18T20:43:43.787Z","url":"localhost:3000/news"},"level":"info"}
{"message":{"date":"2019-02-18T20:43:49.873Z","url":"localhost:3000/news/8"},"level":"info"}
{"message":{"date":"2019-02-18T20:43:49.886Z","url":"localhost:3000/news/8"},"level":"info"}
{"message":{"date":"2019-02-18T20:51:51.233Z","url":"localhost:3000/news"},"level":"info"}
{"message":{"date":"2019-02-18T20:51:54.211Z","url":"localhost:3000/news/15"},"level":"info"}
{"message":{"date":"2019-02-18T20:51:54.246Z","url":"localhost:3000/news/15"},"level":"info"}
{"message":{"date":"2019-02-18T20:56:43.834Z","url":"localhost:3000/news"},"level":"info"}
{"message":{"date":"2019-02-18T20:56:47.829Z","url":"localhost:3000/news/14"},"level":"info"}
{"message":{"date":"2019-02-18T20:56:47.877Z","url":"localhost:3000/news/14"},"level":"info"}
{"message":{"date":"2019-02-18T20:57:48.926Z","url":"localhost:3000/news"},"level":"info"}
{"message":{"date":"2019-02-18T20:57:54.690Z","url":"localhost:3000/news/13"},"level":"info"}
{"message":{"date":"2019-02-18T20:57:54.705Z","url":"localhost:3000/news/13"},"level":"info"}
{"message":{"date":"2019-02-18T20:58:11.538Z","url":"localhost:3000/news"},"level":"info"}
{"message":{"date":"2019-02-18T20:58:47.678Z","url":"localhost:3000/news"},"level":"info"}
{"message":{"date":"2019-02-18T20:58:50.772Z","url":"localhost:3000/news"},"level":"info"}
{"message":{"date":"2019-02-18T20:58:53.714Z","url":"localhost:3000/news/12"},"level":"info"}
{"message":{"date":"2019-02-18T20:58:53.739Z","url":"localhost:3000/news/12"},"level":"info"}
{"message":{"date":"2019-02-19T18:50:20.233Z","url":"localhost:3000/news"},"level":"info"}
{"message":{"date":"2019-02-19T19:29:24.141Z","url":"localhost:3000/news"},"level":"info"}
{"message":{"date":"2019-02-19T19:29:24.193Z","url":"localhost:3000/news"},"level":"info"}
{"message":{"date":"2019-02-19T19:30:33.493Z","url":"localhost:3000/news"},"level":"info"}
{"message":{"date":"2019-02-19T19:30:33.522Z","url":"localhost:3000/news"},"level":"info"}
{"message":{"date":"2019-02-19T19:33:51.918Z","url":"localhost:3000/news"},"level":"info"}
{"message":{"date":"2019-02-19T19:33:51.964Z","url":"localhost:3000/news"},"level":"info"}
{"message":{"date":"2019-02-19T19:41:32.281Z","url":"localhost:3000/news"},"level":"info"}
{"message":{"date":"2019-02-19T19:41:32.290Z","url":"localhost:3000/news"},"level":"info"}
{"message":{"date":"2019-02-19T19:45:39.654Z","url":"localhost:3000/news"},"level":"info"}
{"message":{"date":"2019-02-19T19:45:39.666Z","url":"localhost:3000/news"},"level":"info"}
{"message":{"date":"2019-02-19T19:45:55.888Z","url":"localhost:3000/news"},"level":"info"}
{"message":{"date":"2019-02-19T19:45:55.926Z","url":"localhost:3000/news"},"level":"info"}
{"message":{"date":"2019-02-19T19:49:34.180Z","url":"localhost:3000/news"},"level":"info"}
{"message":{"date":"2019-02-19T19:49:34.220Z","url":"localhost:3000/news"},"level":"info"}
{"message":{"date":"2019-02-19T19:49:52.219Z","url":"localhost:3000/news"},"level":"info"}
{"message":{"date":"2019-02-19T19:51:15.157Z","url":"localhost:3000/news"},"level":"info"}
{"message":{"date":"2019-02-19T19:51:15.202Z","url":"localhost:3000/news"},"level":"info"}
{"message":{"date":"2019-02-19T19:54:51.893Z","url":"localhost:3000/news"},"level":"info"}
{"message":{"date":"2019-02-19T19:54:51.928Z","url":"localhost:3000/news"},"level":"info"}
{"message":{"date":"2019-02-19T19:55:05.529Z","url":"localhost:3000/news"},"level":"info"}
{"message":{"date":"2019-02-19T19:55:14.264Z","url":"localhost:3000/news/1964"},"level":"info"}
{"message":{"date":"2019-02-19T19:55:14.282Z","url":"localhost:3000/news/1964"},"level":"info"}
{"message":{"date":"2019-02-19T19:55:15.418Z","url":"localhost:3000/news/6564"},"level":"info"}
{"message":{"date":"2019-02-19T19:55:15.424Z","url":"localhost:3000/news/6564"},"level":"info"}
{"message":{"date":"2019-02-19T19:55:17.206Z","url":"localhost:3000/news/1058"},"level":"info"}
{"message":{"date":"2019-02-19T19:55:17.215Z","url":"localhost:3000/news/1058"},"level":"info"}
{"message":{"date":"2019-02-19T19:55:18.535Z","url":"localhost:3000/news/7720"},"level":"info"}
{"message":{"date":"2019-02-19T19:55:18.544Z","url":"localhost:3000/news/7720"},"level":"info"}
{"message":{"date":"2019-02-19T19:55:28.592Z","url":"localhost:3000/news"},"level":"info"}
{"message":{"date":"2019-02-19T20:02:30.025Z","url":"localhost:3000/news"},"level":"info"}
{"message":{"date":"2019-02-19T20:02:30.032Z","url":"localhost:3000/news"},"level":"info"}
{"message":{"date":"2019-02-19T20:03:23.453Z","url":"localhost:3000/news"},"level":"info"}
{"message":{"date":"2019-02-19T20:06:45.608Z","url":"localhost:3000/news"},"level":"info"}
{"message":{"date":"2019-02-19T20:07:24.739Z","url":"localhost:3000/news"},"level":"info"}
{"message":{"date":"2019-02-19T20:07:24.747Z","url":"localhost:3000/news"},"level":"info"}
{"message":{"date":"2019-02-19T20:09:12.696Z","url":"localhost:3000/news"},"level":"info"}
{"message":{"date":"2019-02-19T20:09:12.701Z","url":"localhost:3000/news"},"level":"info"}
{"message":{"date":"2019-02-19T20:15:51.649Z","url":"localhost:3000/news"},"level":"info"}
{"message":{"date":"2019-02-19T20:15:51.656Z","url":"localhost:3000/news"},"level":"info"}
{"message":{"date":"2019-02-19T20:16:24.441Z","url":"localhost:3000/news"},"level":"info"}
{"message":{"date":"2019-02-19T20:17:30.877Z","url":"localhost:3000/news"},"level":"info"}
{"message":{"date":"2019-02-19T20:17:33.206Z","url":"localhost:3000/news/8"},"level":"info"}
{"message":{"date":"2019-02-19T20:17:33.239Z","url":"localhost:3000/news/8"},"level":"info"}
{"message":{"date":"2019-02-19T20:17:36.579Z","url":"localhost:3000/news/7971"},"level":"info"}
{"message":{"date":"2019-02-19T20:17:36.593Z","url":"localhost:3000/news/7971"},"level":"info"}
{"message":{"date":"2019-02-19T20:21:08.572Z","url":"localhost:3000/news"},"level":"info"}
{"message":{"date":"2019-02-19T20:21:17.995Z","url":"localhost:3000/news/6224"},"level":"info"}
{"message":{"date":"2019-02-19T20:21:17.999Z","url":"localhost:3000/news/6224"},"level":"info"}
{"message":{"date":"2019-02-19T20:21:49.738Z","url":"localhost:3000/news"},"level":"info"}
{"message":{"date":"2019-02-19T20:21:57.322Z","url":"localhost:3000/news/1646"},"level":"info"}
{"message":{"date":"2019-02-19T20:21:57.327Z","url":"localhost:3000/news/1646"},"level":"info"}
{"message":{"date":"2019-02-19T20:39:21.651Z","url":"localhost:3000/news"},"level":"info"}
{"message":{"date":"2019-02-19T20:49:14.615Z","url":"localhost:3000/news"},"level":"info"}
{"message":{"date":"2019-02-19T21:03:05.064Z","url":"localhost:3000/news"},"level":"info"}
{"message":{"date":"2019-02-19T21:08:25.864Z","url":"localhost:3000/news"},"level":"info"}
{"message":{"date":"2019-02-19T21:12:56.892Z","url":"localhost:3000/news"},"level":"info"}
{"message":{"date":"2019-02-19T21:13:16.760Z","url":"localhost:3000/news/4"},"level":"info"}
{"message":{"date":"2019-02-19T21:13:16.807Z","url":"localhost:3000/news/4"},"level":"info"}
{"message":{"date":"2019-02-19T21:13:27.266Z","url":"localhost:3000/news"},"level":"info"}
{"message":{"date":"2019-02-19T21:14:36.941Z","url":"localhost:3000/news/4"},"level":"info"}
{"message":{"date":"2019-02-19T21:14:36.948Z","url":"localhost:3000/news/4"},"level":"info"}
{"message":{"date":"2019-02-19T21:14:51.924Z","url":"localhost:3000/news"},"level":"info"}
{"message":{"date":"2019-02-19T21:20:11.528Z","url":"localhost:3000/news"},"level":"info"}
{"message":{"date":"2019-02-19T21:20:48.260Z","url":"localhost:3000/news"},"level":"info"}
{"message":{"date":"2019-02-19T21:21:35.932Z","url":"localhost:3000/news/4"},"level":"info"}
{"message":{"date":"2019-02-19T21:21:35.937Z","url":"localhost:3000/news/4"},"level":"info"}
{"message":{"date":"2019-02-19T21:22:00.379Z","url":"localhost:3000/news"},"level":"info"}
{"message":{"date":"2019-02-19T21:28:22.067Z","url":"localhost:3000/news"},"level":"info"}
{"message":{"date":"2019-02-19T21:29:28.761Z","url":"localhost:3000/news/6"},"level":"info"}
{"message":{"date":"2019-02-19T21:29:28.766Z","url":"localhost:3000/news/6"},"level":"info"}
{"message":{"date":"2019-02-19T21:29:37.892Z","url":"localhost:3000/news"},"level":"info"}
